# JRE version: Java(TM) SE Runtime Environment (7.0_79-b15) (build 1.7.0_79-b15)
# Java VM: Java HotSpot(TM) 64-Bit Server VM (24.79-b02 mixed mode linux-amd64 compressed oops)
Heap
 PSYoungGen      total 73216K, used 9714K [0x00000000eaa80000, 0x00000000efb80000, 0x0000000100000000)
  eden space 63488K, 0% used [0x00000000eaa80000,0x00000000eaa80000,0x00000000ee880000)
  from space 9728K, 99% used [0x00000000ee880000,0x00000000ef1fc958,0x00000000ef200000)
  to   space 9728K, 0% used [0x00000000ef200000,0x00000000ef200000,0x00000000efb80000)
 ParOldGen       total 70656K, used 43166K [0x00000000c0000000, 0x00000000c4500000, 0x00000000eaa80000)
  object space 70656K, 61% used [0x00000000c0000000,0x00000000c2a27aa8,0x00000000c4500000)
 PSPermGen       total 21504K, used 6030K [0x00000000bae00000, 0x00000000bc300000, 0x00000000c0000000)
  object space 21504K, 28% used [0x00000000bae00000,0x00000000bb3e3bd0,0x00000000bc300000)
GC Heap History (10 events):
Event: 50,694 GC heap after
Heap after GC invocations=11 (full 0):
 PSYoungGen      total 34816K, used 4385K [0x00000000eaa80000, 0x00000000ee400000, 0x0000000100000000)
  eden space 24576K, 0% used [0x00000000eaa80000,0x00000000eaa80000,0x00000000ec280000)
  from space 10240K, 42% used [0x00000000ec280000,0x00000000ec6c84c0,0x00000000ecc80000)
  to   space 9728K, 0% used [0x00000000eda80000,0x00000000eda80000,0x00000000ee400000)
 ParOldGen       total 41472K, used 25285K [0x00000000c0000000, 0x00000000c2880000, 0x00000000eaa80000)
  object space 41472K, 60% used [0x00000000c0000000,0x00000000c18b1670,0x00000000c2880000)
 PSPermGen       total 21504K, used 5945K [0x00000000bae00000, 0x00000000bc300000, 0x00000000c0000000)
  object space 21504K, 27% used [0x00000000bae00000,0x00000000bb3ce4a0,0x00000000bc300000)
}
Event: 53,964 GC heap before
{Heap before GC invocations=12 (full 0):
 PSYoungGen      total 34816K, used 28961K [0x00000000eaa80000, 0x00000000ee400000, 0x0000000100000000)
  eden space 24576K, 100% used [0x00000000eaa80000,0x00000000ec280000,0x00000000ec280000)
  from space 10240K, 42% used [0x00000000ec280000,0x00000000ec6c84c0,0x00000000ecc80000)
  to   space 9728K, 0% used [0x00000000eda80000,0x00000000eda80000,0x00000000ee400000)
 ParOldGen       total 41472K, used 25285K [0x00000000c0000000, 0x00000000c2880000, 0x00000000eaa80000)
  object space 41472K, 60% used [0x00000000c0000000,0x00000000c18b1670,0x00000000c2880000)
 PSPermGen       total 21504K, used 5955K [0x00000000bae00000, 0x00000000bc300000, 0x00000000c0000000)
  object space 21504K, 27% used [0x00000000bae00000,0x00000000bb3d0d10,0x00000000bc300000)
Event: 53,991 GC heap after
Heap after GC invocations=12 (full 0):
 PSYoungGen      total 49152K, used 4624K [0x00000000eaa80000, 0x00000000ee400000, 0x0000000100000000)
  eden space 39424K, 0% used [0x00000000eaa80000,0x00000000eaa80000,0x00000000ed100000)
  from space 9728K, 47% used [0x00000000eda80000,0x00000000edf04030,0x00000000ee400000)
  to   space 9728K, 0% used [0x00000000ed100000,0x00000000ed100000,0x00000000eda80000)
 ParOldGen       total 41472K, used 29223K [0x00000000c0000000, 0x00000000c2880000, 0x00000000eaa80000)
  object space 41472K, 70% used [0x00000000c0000000,0x00000000c1c89d20,0x00000000c2880000)
 PSPermGen       total 21504K, used 5955K [0x00000000bae00000, 0x00000000bc300000, 0x00000000c0000000)
  object space 21504K, 27% used [0x00000000bae00000,0x00000000bb3d0d10,0x00000000bc300000)
}
Event: 56,710 GC heap before
{Heap before GC invocations=13 (full 0):
 PSYoungGen      total 49152K, used 44048K [0x00000000eaa80000, 0x00000000ee400000, 0x0000000100000000)
  eden space 39424K, 100% used [0x00000000eaa80000,0x00000000ed100000,0x00000000ed100000)
  from space 9728K, 47% used [0x00000000eda80000,0x00000000edf04030,0x00000000ee400000)
  to   space 9728K, 0% used [0x00000000ed100000,0x00000000ed100000,0x00000000eda80000)
 ParOldGen       total 41472K, used 29223K [0x00000000c0000000, 0x00000000c2880000, 0x00000000eaa80000)
  object space 41472K, 70% used [0x00000000c0000000,0x00000000c1c89d20,0x00000000c2880000)
 PSPermGen       total 21504K, used 5963K [0x00000000bae00000, 0x00000000bc300000, 0x00000000c0000000)
  object space 21504K, 27% used [0x00000000bae00000,0x00000000bb3d2fc0,0x00000000bc300000)
Event: 57,033 GC heap after
Heap after GC invocations=13 (full 0):
 PSYoungGen      total 49152K, used 6484K [0x00000000eaa80000, 0x00000000efb80000, 0x0000000100000000)
  eden space 39424K, 0% used [0x00000000eaa80000,0x00000000eaa80000,0x00000000ed100000)
  from space 9728K, 66% used [0x00000000ed100000,0x00000000ed7553e0,0x00000000eda80000)
  to   space 9728K, 0% used [0x00000000ef200000,0x00000000ef200000,0x00000000efb80000)
 ParOldGen       total 41472K, used 33500K [0x00000000c0000000, 0x00000000c2880000, 0x00000000eaa80000)
  object space 41472K, 80% used [0x00000000c0000000,0x00000000c20b7260,0x00000000c2880000)
 PSPermGen       total 21504K, used 5963K [0x00000000bae00000, 0x00000000bc300000, 0x00000000c0000000)
  object space 21504K, 27% used [0x00000000bae00000,0x00000000bb3d2fc0,0x00000000bc300000)
}
Event: 62,854 GC heap before
{Heap before GC invocations=14 (full 0):
 PSYoungGen      total 49152K, used 45908K [0x00000000eaa80000, 0x00000000efb80000, 0x0000000100000000)
  eden space 39424K, 100% used [0x00000000eaa80000,0x00000000ed100000,0x00000000ed100000)
  from space 9728K, 66% used [0x00000000ed100000,0x00000000ed7553e0,0x00000000eda80000)
  to   space 9728K, 0% used [0x00000000ef200000,0x00000000ef200000,0x00000000efb80000)
 ParOldGen       total 41472K, used 33500K [0x00000000c0000000, 0x00000000c2880000, 0x00000000eaa80000)
  object space 41472K, 80% used [0x00000000c0000000,0x00000000c20b7260,0x00000000c2880000)
 PSPermGen       total 21504K, used 5987K [0x00000000bae00000, 0x00000000bc300000, 0x00000000c0000000)
  object space 21504K, 27% used [0x00000000bae00000,0x00000000bb3d8c70,0x00000000bc300000)
Event: 63,308 GC heap after
Heap after GC invocations=14 (full 0):
 PSYoungGen      total 73216K, used 6368K [0x00000000eaa80000, 0x00000000efb80000, 0x0000000100000000)
  eden space 63488K, 0% used [0x00000000eaa80000,0x00000000eaa80000,0x00000000ee880000)
  from space 9728K, 65% used [0x00000000ef200000,0x00000000ef838000,0x00000000efb80000)
  to   space 9728K, 0% used [0x00000000ee880000,0x00000000ee880000,0x00000000ef200000)
 ParOldGen       total 41472K, used 39549K [0x00000000c0000000, 0x00000000c2880000, 0x00000000eaa80000)
  object space 41472K, 95% used [0x00000000c0000000,0x00000000c269f690,0x00000000c2880000)
 PSPermGen       total 21504K, used 5987K [0x00000000bae00000, 0x00000000bc300000, 0x00000000c0000000)
  object space 21504K, 27% used [0x00000000bae00000,0x00000000bb3d8c70,0x00000000bc300000)
}
Event: 63,333 GC heap before
{Heap before GC invocations=15 (full 1):
 PSYoungGen      total 73216K, used 6368K [0x00000000eaa80000, 0x00000000efb80000, 0x0000000100000000)
  eden space 63488K, 0% used [0x00000000eaa80000,0x00000000eaa80000,0x00000000ee880000)
  from space 9728K, 65% used [0x00000000ef200000,0x00000000ef838000,0x00000000efb80000)
  to   space 9728K, 0% used [0x00000000ee880000,0x00000000ee880000,0x00000000ef200000)
 ParOldGen       total 41472K, used 39549K [0x00000000c0000000, 0x00000000c2880000, 0x00000000eaa80000)
  object space 41472K, 95% used [0x00000000c0000000,0x00000000c269f690,0x00000000c2880000)
 PSPermGen       total 21504K, used 5987K [0x00000000bae00000, 0x00000000bc300000, 0x00000000c0000000)
  object space 21504K, 27% used [0x00000000bae00000,0x00000000bb3d8c70,0x00000000bc300000)
Event: 64,636 GC heap after
Heap after GC invocations=15 (full 1):
 PSYoungGen      total 73216K, used 1716K [0x00000000eaa80000, 0x00000000efb80000, 0x0000000100000000)
  eden space 63488K, 0% used [0x00000000eaa80000,0x00000000eaa80000,0x00000000ee880000)
  from space 9728K, 17% used [0x00000000ef200000,0x00000000ef3ad118,0x00000000efb80000)
  to   space 9728K, 0% used [0x00000000ee880000,0x00000000ee880000,0x00000000ef200000)
 ParOldGen       total 70656K, used 41046K [0x00000000c0000000, 0x00000000c4500000, 0x00000000eaa80000)
  object space 70656K, 58% used [0x00000000c0000000,0x00000000c28158d0,0x00000000c4500000)
 PSPermGen       total 21504K, used 5983K [0x00000000bae00000, 0x00000000bc300000, 0x00000000c0000000)
  object space 21504K, 27% used [0x00000000bae00000,0x00000000bb3d7f80,0x00000000bc300000)
}
Event: 68,374 GC heap before
{Heap before GC invocations=16 (full 1):
 PSYoungGen      total 73216K, used 65204K [0x00000000eaa80000, 0x00000000efb80000, 0x0000000100000000)
  eden space 63488K, 100% used [0x00000000eaa80000,0x00000000ee880000,0x00000000ee880000)
  from space 9728K, 17% used [0x00000000ef200000,0x00000000ef3ad118,0x00000000efb80000)
  to   space 9728K, 0% used [0x00000000ee880000,0x00000000ee880000,0x00000000ef200000)
 ParOldGen       total 70656K, used 41046K [0x00000000c0000000, 0x00000000c4500000, 0x00000000eaa80000)
  object space 70656K, 58% used [0x00000000c0000000,0x00000000c28158d0,0x00000000c4500000)
 PSPermGen       total 21504K, used 6030K [0x00000000bae00000, 0x00000000bc300000, 0x00000000c0000000)
  object space 21504K, 28% used [0x00000000bae00000,0x00000000bb3e3bd0,0x00000000bc300000)

